<?xml version="1.0" encoding="UTF-8"?>
<testsuite xmlns:xsi="http://www.w3.org/2001/XMLSchema-instance" xsi:noNamespaceSchemaLocation="https://maven.apache.org/surefire/maven-surefire-plugin/xsd/surefire-test-report.xsd" name="com.knoldus.springbootJPA.repository.CourseRepositoryTest" time="0.031" tests="1" errors="1" skipped="0" failures="0">
  <properties>
[...]
</properties>
  <testcase name="printCourses" classname="com.knoldus.springbootJPA.repository.CourseRepositoryTest" time="0.03">
    <error message="More than one row with the given identifier was found: 2, for class: com.knoldus.springbootJPA.entity.CourseMaterial" type="org.springframework.orm.jpa.JpaSystemException">org.springframework.orm.jpa.JpaSystemException: More than one row with the given identifier was found: 2, for class: com.knoldus.springbootJPA.entity.CourseMaterial
	at com.knoldus.springbootJPA.repository.CourseRepositoryTest.printCourses(CourseRepositoryTest.java:21)
Caused by: org.hibernate.HibernateException: More than one row with the given identifier was found: 2, for class: com.knoldus.springbootJPA.entity.CourseMaterial
	at com.knoldus.springbootJPA.repository.CourseRepositoryTest.printCourses(CourseRepositoryTest.java:21)
</error>
    <system-out><![CDATA[2023-04-22T22:47:28.822+05:30 DEBUG 83447 --- [           main] .b.t.c.SpringBootTestContextBootstrapper : Neither @ContextConfiguration nor @ContextHierarchy found for test class [CourseRepositoryTest]: using SpringBootContextLoader
2023-04-22T22:47:28.823+05:30 DEBUG 83447 --- [           main] o.s.t.c.support.AbstractContextLoader    : Could not detect default resource locations for test class [com.knoldus.springbootJPA.repository.CourseRepositoryTest]: no resource found for suffixes {-context.xml, Context.groovy}.
2023-04-22T22:47:28.823+05:30  INFO 83447 --- [           main] t.c.s.AnnotationConfigContextLoaderUtils : Could not detect default configuration classes for test class [com.knoldus.springbootJPA.repository.CourseRepositoryTest]: CourseRepositoryTest does not declare any static, non-private, non-final, nested classes annotated with @Configuration.
2023-04-22T22:47:28.825+05:30 DEBUG 83447 --- [           main] .b.t.c.SpringBootTestContextBootstrapper : Using ContextCustomizers for test class [CourseRepositoryTest]: [ExcludeFilterContextCustomizer, DuplicateJsonObjectContextCustomizer, MockitoContextCustomizer, TestRestTemplateContextCustomizer, DisableObservabilityContextCustomizer, PropertyMappingContextCustomizer, Customizer]
2023-04-22T22:47:28.826+05:30  INFO 83447 --- [           main] .b.t.c.SpringBootTestContextBootstrapper : Found @SpringBootConfiguration com.knoldus.springbootJPA.SpringbootJpaApplication for test class com.knoldus.springbootJPA.repository.CourseRepositoryTest
2023-04-22T22:47:28.829+05:30 DEBUG 83447 --- [           main] .b.t.c.SpringBootTestContextBootstrapper : Using TestExecutionListeners for test class [CourseRepositoryTest]: [ServletTestExecutionListener, DirtiesContextBeforeModesTestExecutionListener, ApplicationEventsTestExecutionListener, MockitoTestExecutionListener, DependencyInjectionTestExecutionListener, DirtiesContextTestExecutionListener, TransactionalTestExecutionListener, SqlScriptsTestExecutionListener, EventPublishingTestExecutionListener, ResetMocksTestExecutionListener, RestDocsTestExecutionListener, MockRestServiceServerResetTestExecutionListener, MockMvcPrintOnlyOnFailureTestExecutionListener, WebDriverTestExecutionListener, MockWebServiceServerTestExecutionListener]
2023-04-22T22:47:28.829+05:30 DEBUG 83447 --- [           main] tractDirtiesContextTestExecutionListener : Before test class: class [CourseRepositoryTest], class annotated with @DirtiesContext [false] with mode [null]
2023-04-22T22:47:28.830+05:30 DEBUG 83447 --- [           main] org.springframework.test.context.cache   : Spring test ApplicationContext cache statistics: [DefaultContextCache@4af58e7b size = 1, maxSize = 32, parentContextCount = 0, hitCount = 113, missCount = 1]
2023-04-22T22:47:28.831+05:30 DEBUG 83447 --- [           main] org.springframework.test.context.cache   : Spring test ApplicationContext cache statistics: [DefaultContextCache@4af58e7b size = 1, maxSize = 32, parentContextCount = 0, hitCount = 114, missCount = 1]
2023-04-22T22:47:28.831+05:30 DEBUG 83447 --- [           main] o.s.t.c.w.ServletTestExecutionListener   : Setting up MockHttpServletRequest, MockHttpServletResponse, ServletWebRequest, and RequestContextHolder for test class com.knoldus.springbootJPA.repository.CourseRepositoryTest
2023-04-22T22:47:28.831+05:30 DEBUG 83447 --- [           main] DependencyInjectionTestExecutionListener : Performing dependency injection for test class com.knoldus.springbootJPA.repository.CourseRepositoryTest
2023-04-22T22:47:28.832+05:30 DEBUG 83447 --- [           main] org.springframework.test.context.cache   : Spring test ApplicationContext cache statistics: [DefaultContextCache@4af58e7b size = 1, maxSize = 32, parentContextCount = 0, hitCount = 115, missCount = 1]
2023-04-22T22:47:28.834+05:30 DEBUG 83447 --- [           main] org.springframework.test.context.cache   : Spring test ApplicationContext cache statistics: [DefaultContextCache@4af58e7b size = 1, maxSize = 32, parentContextCount = 0, hitCount = 116, missCount = 1]
2023-04-22T22:47:28.835+05:30 DEBUG 83447 --- [           main] tractDirtiesContextTestExecutionListener : Before test method: class [CourseRepositoryTest], method [printCourses], class annotated with @DirtiesContext [false] with mode [null], method annotated with @DirtiesContext [false] with mode [null]
2023-04-22T22:47:28.836+05:30 DEBUG 83447 --- [           main] org.springframework.test.context.cache   : Spring test ApplicationContext cache statistics: [DefaultContextCache@4af58e7b size = 1, maxSize = 32, parentContextCount = 0, hitCount = 117, missCount = 1]
2023-04-22T22:47:28.836+05:30 DEBUG 83447 --- [           main] org.springframework.test.context.cache   : Spring test ApplicationContext cache statistics: [DefaultContextCache@4af58e7b size = 1, maxSize = 32, parentContextCount = 0, hitCount = 118, missCount = 1]
2023-04-22T22:47:28.838+05:30 DEBUG 83447 --- [           main] org.springframework.test.context.cache   : Spring test ApplicationContext cache statistics: [DefaultContextCache@4af58e7b size = 1, maxSize = 32, parentContextCount = 0, hitCount = 119, missCount = 1]
2023-04-22T22:47:28.839+05:30 DEBUG 83447 --- [           main] o.s.orm.jpa.JpaTransactionManager        : Creating new transaction with name [org.springframework.data.jpa.repository.support.SimpleJpaRepository.findAll]: PROPAGATION_REQUIRED,ISOLATION_DEFAULT,readOnly
2023-04-22T22:47:28.839+05:30 DEBUG 83447 --- [           main] o.s.orm.jpa.JpaTransactionManager        : Opened new EntityManager [SessionImpl(848162783<open>)] for JPA transaction
2023-04-22T22:47:28.840+05:30 DEBUG 83447 --- [           main] o.s.jdbc.datasource.DataSourceUtils      : Setting JDBC Connection [HikariProxyConnection@1701503697 wrapping com.mysql.cj.jdbc.ConnectionImpl@276961df] read-only
2023-04-22T22:47:28.841+05:30 DEBUG 83447 --- [           main] o.s.orm.jpa.JpaTransactionManager        : Exposing JPA transaction as JDBC [org.springframework.orm.jpa.vendor.HibernateJpaDialect$HibernateConnectionHandle@14bca240]
Hibernate: select c1_0.course_id,c1_0.course_name from course c1_0
Hibernate: select c1_0.course_material_id,c1_0.course_id from course_material c1_0 where c1_0.course_id=?
Hibernate: select c1_0.course_material_id,c1_0.course_id from course_material c1_0 where c1_0.course_id=?
2023-04-22T22:47:28.867+05:30 DEBUG 83447 --- [           main] o.s.orm.jpa.JpaTransactionManager        : Initiating transaction rollback
2023-04-22T22:47:28.867+05:30 DEBUG 83447 --- [           main] o.s.orm.jpa.JpaTransactionManager        : Rolling back JPA transaction on EntityManager [SessionImpl(848162783<open>)]
2023-04-22T22:47:28.869+05:30 DEBUG 83447 --- [           main] o.s.jdbc.datasource.DataSourceUtils      : Resetting read-only flag of JDBC Connection [HikariProxyConnection@1701503697 wrapping com.mysql.cj.jdbc.ConnectionImpl@276961df]
2023-04-22T22:47:28.869+05:30 DEBUG 83447 --- [           main] o.s.orm.jpa.JpaTransactionManager        : Closing JPA EntityManager [SessionImpl(848162783<open>)] after transaction
2023-04-22T22:47:28.870+05:30 DEBUG 83447 --- [           main] org.springframework.test.context.cache   : Spring test ApplicationContext cache statistics: [DefaultContextCache@4af58e7b size = 1, maxSize = 32, parentContextCount = 0, hitCount = 120, missCount = 1]
2023-04-22T22:47:28.871+05:30 DEBUG 83447 --- [           main] org.springframework.test.context.cache   : Spring test ApplicationContext cache statistics: [DefaultContextCache@4af58e7b size = 1, maxSize = 32, parentContextCount = 0, hitCount = 121, missCount = 1]
2023-04-22T22:47:28.871+05:30 DEBUG 83447 --- [           main] org.springframework.test.context.cache   : Spring test ApplicationContext cache statistics: [DefaultContextCache@4af58e7b size = 1, maxSize = 32, parentContextCount = 0, hitCount = 122, missCount = 1]
2023-04-22T22:47:28.872+05:30 DEBUG 83447 --- [           main] org.springframework.test.context.cache   : Spring test ApplicationContext cache statistics: [DefaultContextCache@4af58e7b size = 1, maxSize = 32, parentContextCount = 0, hitCount = 123, missCount = 1]
2023-04-22T22:47:28.872+05:30 DEBUG 83447 --- [           main] org.springframework.test.context.cache   : Spring test ApplicationContext cache statistics: [DefaultContextCache@4af58e7b size = 1, maxSize = 32, parentContextCount = 0, hitCount = 124, missCount = 1]
2023-04-22T22:47:28.873+05:30 DEBUG 83447 --- [           main] org.springframework.test.context.cache   : Spring test ApplicationContext cache statistics: [DefaultContextCache@4af58e7b size = 1, maxSize = 32, parentContextCount = 0, hitCount = 125, missCount = 1]
2023-04-22T22:47:28.874+05:30 DEBUG 83447 --- [           main] tractDirtiesContextTestExecutionListener : After test method: class [CourseRepositoryTest], method [printCourses], class annotated with @DirtiesContext [false] with mode [null], method annotated with @DirtiesContext [false] with mode [null]
2023-04-22T22:47:28.874+05:30 DEBUG 83447 --- [           main] o.s.t.c.w.ServletTestExecutionListener   : Resetting RequestContextHolder for test class com.knoldus.springbootJPA.repository.CourseRepositoryTest
]]></system-out>
  </testcase>
</testsuite>